<?xml version="1.0" encoding="UTF-8"?>
<testsuite xmlns:xsi="http://www.w3.org/2001/XMLSchema-instance" xsi:noNamespaceSchemaLocation="https://maven.apache.org/surefire/maven-surefire-plugin/xsd/surefire-test-report.xsd" name="org.example.lesson04.FunctionsTest" time="0.181" tests="10" errors="0" skipped="0" failures="0">
  <properties>
    <property name="gopherProxySet" value="false"/>
    <property name="awt.toolkit" value="sun.lwawt.macosx.LWCToolkit"/>
    <property name="file.encoding.pkg" value="sun.io"/>
    <property name="java.specification.version" value="1.8"/>
    <property name="sun.cpu.isalist" value=""/>
    <property name="sun.jnu.encoding" value="UTF-8"/>
    <property name="java.class.path" value="/Users/lesya13/IdeaProjects/autoTestsProject/target/test-classes:/Users/lesya13/IdeaProjects/autoTestsProject/target/classes:/Users/lesya13/.m2/repository/ch/qos/logback/logback-classic/1.2.5/logback-classic-1.2.5.jar:/Users/lesya13/.m2/repository/ch/qos/logback/logback-core/1.2.5/logback-core-1.2.5.jar:/Users/lesya13/.m2/repository/org/slf4j/slf4j-api/1.7.31/slf4j-api-1.7.31.jar:/Users/lesya13/.m2/repository/org/junit/jupiter/junit-jupiter-api/5.7.2/junit-jupiter-api-5.7.2.jar:/Users/lesya13/.m2/repository/org/apiguardian/apiguardian-api/1.1.0/apiguardian-api-1.1.0.jar:/Users/lesya13/.m2/repository/org/opentest4j/opentest4j/1.2.0/opentest4j-1.2.0.jar:/Users/lesya13/.m2/repository/org/junit/platform/junit-platform-commons/1.7.2/junit-platform-commons-1.7.2.jar:/Users/lesya13/.m2/repository/org/assertj/assertj-core/3.20.2/assertj-core-3.20.2.jar:/Users/lesya13/.m2/repository/org/junit/jupiter/junit-jupiter-params/5.7.2/junit-jupiter-params-5.7.2.jar:/Users/lesya13/.m2/repository/org/hamcrest/hamcrest-all/1.3/hamcrest-all-1.3.jar:/Users/lesya13/.m2/repository/ru/yandex/qatools/htmlelements/htmlelements-matchers/1.19/htmlelements-matchers-1.19.jar:/Users/lesya13/.m2/repository/junit/junit/4.12/junit-4.12.jar:/Users/lesya13/.m2/repository/org/hamcrest/hamcrest-core/1.3/hamcrest-core-1.3.jar:/Users/lesya13/.m2/repository/ru/yandex/qatools/htmlelements/htmlelements-java/1.19/htmlelements-java-1.19.jar:/Users/lesya13/.m2/repository/org/apache/wicket/wicket/1.3.2/wicket-1.3.2.jar:/Users/lesya13/.m2/repository/org/slf4j/slf4j-log4j12/1.4.2/slf4j-log4j12-1.4.2.jar:/Users/lesya13/.m2/repository/log4j/log4j/1.2.14/log4j-1.2.14.jar:/Users/lesya13/.m2/repository/org/mortbay/jetty/jetty/6.1.4/jetty-6.1.4.jar:/Users/lesya13/.m2/repository/org/mortbay/jetty/servlet-api-2.5/6.1.4/servlet-api-2.5-6.1.4.jar:/Users/lesya13/.m2/repository/org/mortbay/jetty/jetty-util/6.1.4/jetty-util-6.1.4.jar:/Users/lesya13/.m2/repository/org/mortbay/jetty/jetty-management/6.1.4/jetty-management-6.1.4.jar:/Users/lesya13/.m2/repository/mx4j/mx4j/3.0.1/mx4j-3.0.1.jar:/Users/lesya13/.m2/repository/mx4j/mx4j-tools/3.0.1/mx4j-tools-3.0.1.jar:/Users/lesya13/.m2/repository/com/squareup/okhttp3/okhttp/4.9.1/okhttp-4.9.1.jar:/Users/lesya13/.m2/repository/com/squareup/okio/okio/2.8.0/okio-2.8.0.jar:/Users/lesya13/.m2/repository/org/jetbrains/kotlin/kotlin-stdlib-common/1.4.0/kotlin-stdlib-common-1.4.0.jar:/Users/lesya13/.m2/repository/org/jetbrains/kotlin/kotlin-stdlib/1.4.10/kotlin-stdlib-1.4.10.jar:/Users/lesya13/.m2/repository/org/jetbrains/annotations/13.0/annotations-13.0.jar:/Users/lesya13/.m2/repository/org/seleniumhq/selenium/selenium-java/3.141.59/selenium-java-3.141.59.jar:/Users/lesya13/.m2/repository/org/seleniumhq/selenium/selenium-api/3.141.59/selenium-api-3.141.59.jar:/Users/lesya13/.m2/repository/org/seleniumhq/selenium/selenium-chrome-driver/3.141.59/selenium-chrome-driver-3.141.59.jar:/Users/lesya13/.m2/repository/org/seleniumhq/selenium/selenium-edge-driver/3.141.59/selenium-edge-driver-3.141.59.jar:/Users/lesya13/.m2/repository/org/seleniumhq/selenium/selenium-firefox-driver/3.141.59/selenium-firefox-driver-3.141.59.jar:/Users/lesya13/.m2/repository/org/seleniumhq/selenium/selenium-ie-driver/3.141.59/selenium-ie-driver-3.141.59.jar:/Users/lesya13/.m2/repository/org/seleniumhq/selenium/selenium-opera-driver/3.141.59/selenium-opera-driver-3.141.59.jar:/Users/lesya13/.m2/repository/org/seleniumhq/selenium/selenium-remote-driver/3.141.59/selenium-remote-driver-3.141.59.jar:/Users/lesya13/.m2/repository/org/seleniumhq/selenium/selenium-safari-driver/3.141.59/selenium-safari-driver-3.141.59.jar:/Users/lesya13/.m2/repository/org/seleniumhq/selenium/selenium-support/3.141.59/selenium-support-3.141.59.jar:/Users/lesya13/.m2/repository/net/bytebuddy/byte-buddy/1.8.15/byte-buddy-1.8.15.jar:/Users/lesya13/.m2/repository/org/apache/commons/commons-exec/1.3/commons-exec-1.3.jar:/Users/lesya13/.m2/repository/com/google/guava/guava/25.0-jre/guava-25.0-jre.jar:/Users/lesya13/.m2/repository/com/google/code/findbugs/jsr305/1.3.9/jsr305-1.3.9.jar:/Users/lesya13/.m2/repository/org/checkerframework/checker-compat-qual/2.0.0/checker-compat-qual-2.0.0.jar:/Users/lesya13/.m2/repository/com/google/errorprone/error_prone_annotations/2.1.3/error_prone_annotations-2.1.3.jar:/Users/lesya13/.m2/repository/com/google/j2objc/j2objc-annotations/1.1/j2objc-annotations-1.1.jar:/Users/lesya13/.m2/repository/org/codehaus/mojo/animal-sniffer-annotations/1.14/animal-sniffer-annotations-1.14.jar:/Users/lesya13/.m2/repository/io/github/bonigarcia/webdrivermanager/4.4.3/webdrivermanager-4.4.3.jar:/Users/lesya13/.m2/repository/commons-io/commons-io/2.8.0/commons-io-2.8.0.jar:/Users/lesya13/.m2/repository/com/google/code/gson/gson/2.8.6/gson-2.8.6.jar:/Users/lesya13/.m2/repository/org/apache/commons/commons-lang3/3.12.0/commons-lang3-3.12.0.jar:/Users/lesya13/.m2/repository/org/apache/httpcomponents/client5/httpclient5/5.0.3/httpclient5-5.0.3.jar:/Users/lesya13/.m2/repository/org/apache/httpcomponents/core5/httpcore5/5.0.2/httpcore5-5.0.2.jar:/Users/lesya13/.m2/repository/org/apache/httpcomponents/core5/httpcore5-h2/5.0.2/httpcore5-h2-5.0.2.jar:/Users/lesya13/.m2/repository/commons-codec/commons-codec/1.13/commons-codec-1.13.jar:/Users/lesya13/.m2/repository/org/rauschig/jarchivelib/1.1.0/jarchivelib-1.1.0.jar:/Users/lesya13/.m2/repository/org/apache/commons/commons-compress/1.20/commons-compress-1.20.jar:/Users/lesya13/.m2/repository/org/jsoup/jsoup/1.13.1/jsoup-1.13.1.jar:/Users/lesya13/.m2/repository/io/qameta/allure/allure-junit5/2.14.0/allure-junit5-2.14.0.jar:/Users/lesya13/.m2/repository/io/qameta/allure/allure-junit-platform/2.14.0/allure-junit-platform-2.14.0.jar:/Users/lesya13/.m2/repository/io/qameta/allure/allure-test-filter/2.14.0/allure-test-filter-2.14.0.jar:/Users/lesya13/.m2/repository/org/junit/platform/junit-platform-launcher/1.7.2/junit-platform-launcher-1.7.2.jar:/Users/lesya13/.m2/repository/org/junit/jupiter/junit-jupiter-engine/5.7.2/junit-jupiter-engine-5.7.2.jar:/Users/lesya13/.m2/repository/org/junit/platform/junit-platform-engine/1.7.2/junit-platform-engine-1.7.2.jar:/Users/lesya13/.m2/repository/io/qameta/allure/allure-java-commons/2.14.0/allure-java-commons-2.14.0.jar:/Users/lesya13/.m2/repository/io/qameta/allure/allure-model/2.14.0/allure-model-2.14.0.jar:/Users/lesya13/.m2/repository/com/fasterxml/jackson/core/jackson-databind/2.12.3/jackson-databind-2.12.3.jar:/Users/lesya13/.m2/repository/com/fasterxml/jackson/core/jackson-annotations/2.12.3/jackson-annotations-2.12.3.jar:/Users/lesya13/.m2/repository/com/fasterxml/jackson/core/jackson-core/2.12.3/jackson-core-2.12.3.jar:/Users/lesya13/.m2/repository/org/apache/tika/tika-core/1.26/tika-core-1.26.jar:/Users/lesya13/.m2/repository/org/jooq/joor-java-8/0.9.14/joor-java-8-0.9.14.jar:"/>
    <property name="java.vm.vendor" value="Oracle Corporation"/>
    <property name="sun.arch.data.model" value="64"/>
    <property name="java.vendor.url" value="http://java.oracle.com/"/>
    <property name="user.timezone" value="Europe/Moscow"/>
    <property name="java.vm.specification.version" value="1.8"/>
    <property name="os.name" value="Mac OS X"/>
    <property name="user.country" value="RU"/>
    <property name="sun.java.launcher" value="SUN_STANDARD"/>
    <property name="sun.boot.library.path" value="/Library/Java/JavaVirtualMachines/jdk1.8.0_291.jdk/Contents/Home/jre/lib"/>
    <property name="sun.java.command" value="/Users/lesya13/IdeaProjects/autoTestsProject/target/surefire/surefirebooter7281214887934974045.jar /Users/lesya13/IdeaProjects/autoTestsProject/target/surefire 2021-09-14T18-10-13_150-jvmRun1 surefire8715174774151752312tmp surefire_011931289851871693tmp"/>
    <property name="http.nonProxyHosts" value="local, 169.254/16|*.local, 169.254/16"/>
    <property name="surefire.test.class.path" value="/Users/lesya13/IdeaProjects/autoTestsProject/target/test-classes:/Users/lesya13/IdeaProjects/autoTestsProject/target/classes:/Users/lesya13/.m2/repository/ch/qos/logback/logback-classic/1.2.5/logback-classic-1.2.5.jar:/Users/lesya13/.m2/repository/ch/qos/logback/logback-core/1.2.5/logback-core-1.2.5.jar:/Users/lesya13/.m2/repository/org/slf4j/slf4j-api/1.7.31/slf4j-api-1.7.31.jar:/Users/lesya13/.m2/repository/org/junit/jupiter/junit-jupiter-api/5.7.2/junit-jupiter-api-5.7.2.jar:/Users/lesya13/.m2/repository/org/apiguardian/apiguardian-api/1.1.0/apiguardian-api-1.1.0.jar:/Users/lesya13/.m2/repository/org/opentest4j/opentest4j/1.2.0/opentest4j-1.2.0.jar:/Users/lesya13/.m2/repository/org/junit/platform/junit-platform-commons/1.7.2/junit-platform-commons-1.7.2.jar:/Users/lesya13/.m2/repository/org/assertj/assertj-core/3.20.2/assertj-core-3.20.2.jar:/Users/lesya13/.m2/repository/org/junit/jupiter/junit-jupiter-params/5.7.2/junit-jupiter-params-5.7.2.jar:/Users/lesya13/.m2/repository/org/hamcrest/hamcrest-all/1.3/hamcrest-all-1.3.jar:/Users/lesya13/.m2/repository/ru/yandex/qatools/htmlelements/htmlelements-matchers/1.19/htmlelements-matchers-1.19.jar:/Users/lesya13/.m2/repository/junit/junit/4.12/junit-4.12.jar:/Users/lesya13/.m2/repository/org/hamcrest/hamcrest-core/1.3/hamcrest-core-1.3.jar:/Users/lesya13/.m2/repository/ru/yandex/qatools/htmlelements/htmlelements-java/1.19/htmlelements-java-1.19.jar:/Users/lesya13/.m2/repository/org/apache/wicket/wicket/1.3.2/wicket-1.3.2.jar:/Users/lesya13/.m2/repository/org/slf4j/slf4j-log4j12/1.4.2/slf4j-log4j12-1.4.2.jar:/Users/lesya13/.m2/repository/log4j/log4j/1.2.14/log4j-1.2.14.jar:/Users/lesya13/.m2/repository/org/mortbay/jetty/jetty/6.1.4/jetty-6.1.4.jar:/Users/lesya13/.m2/repository/org/mortbay/jetty/servlet-api-2.5/6.1.4/servlet-api-2.5-6.1.4.jar:/Users/lesya13/.m2/repository/org/mortbay/jetty/jetty-util/6.1.4/jetty-util-6.1.4.jar:/Users/lesya13/.m2/repository/org/mortbay/jetty/jetty-management/6.1.4/jetty-management-6.1.4.jar:/Users/lesya13/.m2/repository/mx4j/mx4j/3.0.1/mx4j-3.0.1.jar:/Users/lesya13/.m2/repository/mx4j/mx4j-tools/3.0.1/mx4j-tools-3.0.1.jar:/Users/lesya13/.m2/repository/com/squareup/okhttp3/okhttp/4.9.1/okhttp-4.9.1.jar:/Users/lesya13/.m2/repository/com/squareup/okio/okio/2.8.0/okio-2.8.0.jar:/Users/lesya13/.m2/repository/org/jetbrains/kotlin/kotlin-stdlib-common/1.4.0/kotlin-stdlib-common-1.4.0.jar:/Users/lesya13/.m2/repository/org/jetbrains/kotlin/kotlin-stdlib/1.4.10/kotlin-stdlib-1.4.10.jar:/Users/lesya13/.m2/repository/org/jetbrains/annotations/13.0/annotations-13.0.jar:/Users/lesya13/.m2/repository/org/seleniumhq/selenium/selenium-java/3.141.59/selenium-java-3.141.59.jar:/Users/lesya13/.m2/repository/org/seleniumhq/selenium/selenium-api/3.141.59/selenium-api-3.141.59.jar:/Users/lesya13/.m2/repository/org/seleniumhq/selenium/selenium-chrome-driver/3.141.59/selenium-chrome-driver-3.141.59.jar:/Users/lesya13/.m2/repository/org/seleniumhq/selenium/selenium-edge-driver/3.141.59/selenium-edge-driver-3.141.59.jar:/Users/lesya13/.m2/repository/org/seleniumhq/selenium/selenium-firefox-driver/3.141.59/selenium-firefox-driver-3.141.59.jar:/Users/lesya13/.m2/repository/org/seleniumhq/selenium/selenium-ie-driver/3.141.59/selenium-ie-driver-3.141.59.jar:/Users/lesya13/.m2/repository/org/seleniumhq/selenium/selenium-opera-driver/3.141.59/selenium-opera-driver-3.141.59.jar:/Users/lesya13/.m2/repository/org/seleniumhq/selenium/selenium-remote-driver/3.141.59/selenium-remote-driver-3.141.59.jar:/Users/lesya13/.m2/repository/org/seleniumhq/selenium/selenium-safari-driver/3.141.59/selenium-safari-driver-3.141.59.jar:/Users/lesya13/.m2/repository/org/seleniumhq/selenium/selenium-support/3.141.59/selenium-support-3.141.59.jar:/Users/lesya13/.m2/repository/net/bytebuddy/byte-buddy/1.8.15/byte-buddy-1.8.15.jar:/Users/lesya13/.m2/repository/org/apache/commons/commons-exec/1.3/commons-exec-1.3.jar:/Users/lesya13/.m2/repository/com/google/guava/guava/25.0-jre/guava-25.0-jre.jar:/Users/lesya13/.m2/repository/com/google/code/findbugs/jsr305/1.3.9/jsr305-1.3.9.jar:/Users/lesya13/.m2/repository/org/checkerframework/checker-compat-qual/2.0.0/checker-compat-qual-2.0.0.jar:/Users/lesya13/.m2/repository/com/google/errorprone/error_prone_annotations/2.1.3/error_prone_annotations-2.1.3.jar:/Users/lesya13/.m2/repository/com/google/j2objc/j2objc-annotations/1.1/j2objc-annotations-1.1.jar:/Users/lesya13/.m2/repository/org/codehaus/mojo/animal-sniffer-annotations/1.14/animal-sniffer-annotations-1.14.jar:/Users/lesya13/.m2/repository/io/github/bonigarcia/webdrivermanager/4.4.3/webdrivermanager-4.4.3.jar:/Users/lesya13/.m2/repository/commons-io/commons-io/2.8.0/commons-io-2.8.0.jar:/Users/lesya13/.m2/repository/com/google/code/gson/gson/2.8.6/gson-2.8.6.jar:/Users/lesya13/.m2/repository/org/apache/commons/commons-lang3/3.12.0/commons-lang3-3.12.0.jar:/Users/lesya13/.m2/repository/org/apache/httpcomponents/client5/httpclient5/5.0.3/httpclient5-5.0.3.jar:/Users/lesya13/.m2/repository/org/apache/httpcomponents/core5/httpcore5/5.0.2/httpcore5-5.0.2.jar:/Users/lesya13/.m2/repository/org/apache/httpcomponents/core5/httpcore5-h2/5.0.2/httpcore5-h2-5.0.2.jar:/Users/lesya13/.m2/repository/commons-codec/commons-codec/1.13/commons-codec-1.13.jar:/Users/lesya13/.m2/repository/org/rauschig/jarchivelib/1.1.0/jarchivelib-1.1.0.jar:/Users/lesya13/.m2/repository/org/apache/commons/commons-compress/1.20/commons-compress-1.20.jar:/Users/lesya13/.m2/repository/org/jsoup/jsoup/1.13.1/jsoup-1.13.1.jar:/Users/lesya13/.m2/repository/io/qameta/allure/allure-junit5/2.14.0/allure-junit5-2.14.0.jar:/Users/lesya13/.m2/repository/io/qameta/allure/allure-junit-platform/2.14.0/allure-junit-platform-2.14.0.jar:/Users/lesya13/.m2/repository/io/qameta/allure/allure-test-filter/2.14.0/allure-test-filter-2.14.0.jar:/Users/lesya13/.m2/repository/org/junit/platform/junit-platform-launcher/1.7.2/junit-platform-launcher-1.7.2.jar:/Users/lesya13/.m2/repository/org/junit/jupiter/junit-jupiter-engine/5.7.2/junit-jupiter-engine-5.7.2.jar:/Users/lesya13/.m2/repository/org/junit/platform/junit-platform-engine/1.7.2/junit-platform-engine-1.7.2.jar:/Users/lesya13/.m2/repository/io/qameta/allure/allure-java-commons/2.14.0/allure-java-commons-2.14.0.jar:/Users/lesya13/.m2/repository/io/qameta/allure/allure-model/2.14.0/allure-model-2.14.0.jar:/Users/lesya13/.m2/repository/com/fasterxml/jackson/core/jackson-databind/2.12.3/jackson-databind-2.12.3.jar:/Users/lesya13/.m2/repository/com/fasterxml/jackson/core/jackson-annotations/2.12.3/jackson-annotations-2.12.3.jar:/Users/lesya13/.m2/repository/com/fasterxml/jackson/core/jackson-core/2.12.3/jackson-core-2.12.3.jar:/Users/lesya13/.m2/repository/org/apache/tika/tika-core/1.26/tika-core-1.26.jar:/Users/lesya13/.m2/repository/org/jooq/joor-java-8/0.9.14/joor-java-8-0.9.14.jar:"/>
    <property name="sun.cpu.endian" value="little"/>
    <property name="user.home" value="/Users/lesya13"/>
    <property name="user.language" value="ru"/>
    <property name="java.specification.vendor" value="Oracle Corporation"/>
    <property name="java.home" value="/Library/Java/JavaVirtualMachines/jdk1.8.0_291.jdk/Contents/Home/jre"/>
    <property name="basedir" value="/Users/lesya13/IdeaProjects/autoTestsProject"/>
    <property name="file.separator" value="/"/>
    <property name="line.separator" value="&#10;"/>
    <property name="java.vm.specification.vendor" value="Oracle Corporation"/>
    <property name="java.specification.name" value="Java Platform API Specification"/>
    <property name="java.awt.graphicsenv" value="sun.awt.CGraphicsEnvironment"/>
    <property name="surefire.real.class.path" value="/Users/lesya13/IdeaProjects/autoTestsProject/target/surefire/surefirebooter7281214887934974045.jar:/Users/lesya13/.m2/repository/org/aspectj/aspectjweaver/1.8.10/aspectjweaver-1.8.10.jar"/>
    <property name="sun.boot.class.path" value="/Library/Java/JavaVirtualMachines/jdk1.8.0_291.jdk/Contents/Home/jre/lib/resources.jar:/Library/Java/JavaVirtualMachines/jdk1.8.0_291.jdk/Contents/Home/jre/lib/rt.jar:/Library/Java/JavaVirtualMachines/jdk1.8.0_291.jdk/Contents/Home/jre/lib/sunrsasign.jar:/Library/Java/JavaVirtualMachines/jdk1.8.0_291.jdk/Contents/Home/jre/lib/jsse.jar:/Library/Java/JavaVirtualMachines/jdk1.8.0_291.jdk/Contents/Home/jre/lib/jce.jar:/Library/Java/JavaVirtualMachines/jdk1.8.0_291.jdk/Contents/Home/jre/lib/charsets.jar:/Library/Java/JavaVirtualMachines/jdk1.8.0_291.jdk/Contents/Home/jre/lib/jfr.jar:/Library/Java/JavaVirtualMachines/jdk1.8.0_291.jdk/Contents/Home/jre/classes"/>
    <property name="sun.management.compiler" value="HotSpot 64-Bit Tiered Compilers"/>
    <property name="ftp.nonProxyHosts" value="local, 169.254/16|*.local, 169.254/16"/>
    <property name="java.runtime.version" value="1.8.0_291-b10"/>
    <property name="user.name" value="lesya13"/>
    <property name="path.separator" value=":"/>
    <property name="os.version" value="10.16"/>
    <property name="java.endorsed.dirs" value="/Library/Java/JavaVirtualMachines/jdk1.8.0_291.jdk/Contents/Home/jre/lib/endorsed"/>
    <property name="java.runtime.name" value="Java(TM) SE Runtime Environment"/>
    <property name="file.encoding" value="UTF-8"/>
    <property name="java.vm.name" value="Java HotSpot(TM) 64-Bit Server VM"/>
    <property name="localRepository" value="/Users/lesya13/.m2/repository"/>
    <property name="java.vendor.url.bug" value="http://bugreport.sun.com/bugreport/"/>
    <property name="java.io.tmpdir" value="/var/folders/fv/5l92l1rd4ds2kzpsgn0bjts80000gn/T/"/>
    <property name="idea.version" value="2021.2.1"/>
    <property name="java.version" value="1.8.0_291"/>
    <property name="user.dir" value="/Users/lesya13/IdeaProjects/autoTestsProject"/>
    <property name="os.arch" value="x86_64"/>
    <property name="java.vm.specification.name" value="Java Virtual Machine Specification"/>
    <property name="java.awt.printerjob" value="sun.lwawt.macosx.CPrinterJob"/>
    <property name="sun.os.patch.level" value="unknown"/>
    <property name="java.library.path" value="/Users/lesya13/Library/Java/Extensions:/Library/Java/Extensions:/Network/Library/Java/Extensions:/System/Library/Java/Extensions:/usr/lib/java:."/>
    <property name="junit.jupiter.extensions.autodetection.enabled" value="true"/>
    <property name="java.vm.info" value="mixed mode"/>
    <property name="java.vendor" value="Oracle Corporation"/>
    <property name="java.vm.version" value="25.291-b10"/>
    <property name="java.ext.dirs" value="/Users/lesya13/Library/Java/Extensions:/Library/Java/JavaVirtualMachines/jdk1.8.0_291.jdk/Contents/Home/jre/lib/ext:/Library/Java/Extensions:/Network/Library/Java/Extensions:/System/Library/Java/Extensions:/usr/lib/java"/>
    <property name="sun.io.unicode.encoding" value="UnicodeBig"/>
    <property name="java.class.version" value="52.0"/>
    <property name="socksNonProxyHosts" value="local, 169.254/16|*.local, 169.254/16"/>
  </properties>
  <testcase name="testParametrizedByObject{Cat, Boolean}[1]" classname="org.example.lesson04.FunctionsTest" time="0.031"/>
  <testcase name="testParametrizedByObject{Cat, Boolean}[2]" classname="org.example.lesson04.FunctionsTest" time="0.004"/>
  <testcase name="testParametrizedByObject{Cat, Boolean}[3]" classname="org.example.lesson04.FunctionsTest" time="0.003"/>
  <testcase name="testIsPalindromeMethod2{String, boolean}[1]" classname="org.example.lesson04.FunctionsTest" time="0.006"/>
  <testcase name="testIsPalindromeMethod2{String, boolean}[2]" classname="org.example.lesson04.FunctionsTest" time="0.002"/>
  <testcase name="testGivenEvenNumberWhenCheckIsEvenThenTrue" classname="org.example.lesson04.FunctionsTest" time="0.003"/>
  <testcase name="testIsPalindromeMethod{String}[1]" classname="org.example.lesson04.FunctionsTest" time="0.003"/>
  <testcase name="testIsPalindromeMethod{String}[2]" classname="org.example.lesson04.FunctionsTest" time="0.004"/>
  <testcase name="testIsNumberPositive" classname="org.example.lesson04.FunctionsTest" time="0.004"/>
  <testcase name="testNotPrimeNumber" classname="org.example.lesson04.FunctionsTest" time="0.003"/>
</testsuite>